<?xml version="1.0" encoding="UTF-8"?>
<!-- Generated by org.testng.reporters.JUnitReportReporter -->
<testsuite hostname="TYC1121225" failures="0" tests="1" name="HomePageTest.ToVerifyHomePageTitleTest" time="6.451" errors="0" timestamp="2023-02-01T09:47:12 IST" skipped="0">
  <testcase classname="HomePageTest.ToVerifyHomePageTitleTest" name="toVerifyHomePageTitleTest" time="6.451"/>
  <system-out/>
</testsuite> <!-- HomePageTest.ToVerifyHomePageTitleTest -->
